0 info it worked if it ends with ok
1 verbose cli [ 'C:\\Program Files\\nodejs\\node.exe',
1 verbose cli   'C:\\Program Files\\nodejs\\node_modules\\npm\\bin\\npm-cli.js',
1 verbose cli   'install',
1 verbose cli   'ngloading' ]
2 info using npm@2.14.7
3 info using node@v4.2.1
4 verbose install initial load of C:\Users\DXC2762\Documents\Personal\igotmmosaics\package.json
5 verbose installManyTop reading scoped package data from C:\Users\DXC2762\Documents\Personal\igotmmosaics\node_modules\angular\package.json
6 verbose installManyTop reading scoped package data from C:\Users\DXC2762\Documents\Personal\igotmmosaics\node_modules\angular-amd\package.json
7 verbose installManyTop reading scoped package data from C:\Users\DXC2762\Documents\Personal\igotmmosaics\node_modules\angular-route\package.json
8 verbose installManyTop reading scoped package data from C:\Users\DXC2762\Documents\Personal\igotmmosaics\node_modules\angular-touch\package.json
9 verbose installManyTop reading scoped package data from C:\Users\DXC2762\Documents\Personal\igotmmosaics\node_modules\jquery\package.json
10 verbose installManyTop reading scoped package data from C:\Users\DXC2762\Documents\Personal\igotmmosaics\node_modules\requirejs\package.json
11 info package.json requirejs@2.1.20 No license field.
12 info package.json jquery@2.1.4 No license field.
13 verbose readDependencies loading dependencies from C:\Users\DXC2762\Documents\Personal\igotmmosaics\package.json
14 silly cache add args [ 'ngloading', null ]
15 verbose cache add spec ngloading
16 silly cache add parsed spec Result {
16 silly cache add   raw: 'ngloading',
16 silly cache add   scope: null,
16 silly cache add   name: 'ngloading',
16 silly cache add   rawSpec: '',
16 silly cache add   spec: '*',
16 silly cache add   type: 'range' }
17 silly addNamed ngloading@*
18 verbose addNamed "*" is a valid semver range for ngloading
19 silly addNameRange { name: 'ngloading', range: '*', hasData: false }
20 silly mapToRegistry name ngloading
21 silly mapToRegistry using default registry
22 silly mapToRegistry registry https://registry.npmjs.org/
23 silly mapToRegistry uri https://registry.npmjs.org/ngloading
24 verbose addNameRange registry:https://registry.npmjs.org/ngloading not in flight; fetching
25 verbose request uri https://registry.npmjs.org/ngloading
26 verbose request no auth needed
27 info attempt registry request try #1 at 4:52:16 PM
28 verbose request id d27f6cea10c1f8fd
29 http request GET https://registry.npmjs.org/ngloading
30 http 404 https://registry.npmjs.org/ngloading
31 verbose headers { 'content-type': 'application/json',
31 verbose headers   'cache-control': 'max-age=0',
31 verbose headers   'content-length': '2',
31 verbose headers   'accept-ranges': 'bytes',
31 verbose headers   date: 'Sat, 14 Nov 2015 21:52:14 GMT',
31 verbose headers   via: '1.1 varnish',
31 verbose headers   age: '0',
31 verbose headers   connection: 'keep-alive',
31 verbose headers   'x-served-by': 'cache-jfk1033-JFK',
31 verbose headers   'x-cache': 'MISS',
31 verbose headers   'x-cache-hits': '0',
31 verbose headers   'x-timer': 'S1447537933.910644,VS0,VE94' }
32 silly get cb [ 404,
32 silly get   { 'content-type': 'application/json',
32 silly get     'cache-control': 'max-age=0',
32 silly get     'content-length': '2',
32 silly get     'accept-ranges': 'bytes',
32 silly get     date: 'Sat, 14 Nov 2015 21:52:14 GMT',
32 silly get     via: '1.1 varnish',
32 silly get     age: '0',
32 silly get     connection: 'keep-alive',
32 silly get     'x-served-by': 'cache-jfk1033-JFK',
32 silly get     'x-cache': 'MISS',
32 silly get     'x-cache-hits': '0',
32 silly get     'x-timer': 'S1447537933.910644,VS0,VE94' } ]
33 verbose stack Error: Registry returned 404 for GET on https://registry.npmjs.org/ngloading
33 verbose stack     at makeError (C:\Program Files\nodejs\node_modules\npm\node_modules\npm-registry-client\lib\request.js:264:12)
33 verbose stack     at CachingRegistryClient.<anonymous> (C:\Program Files\nodejs\node_modules\npm\node_modules\npm-registry-client\lib\request.js:242:14)
33 verbose stack     at Request._callback (C:\Program Files\nodejs\node_modules\npm\node_modules\npm-registry-client\lib\request.js:172:14)
33 verbose stack     at Request.self.callback (C:\Program Files\nodejs\node_modules\npm\node_modules\request\request.js:198:22)
33 verbose stack     at emitTwo (events.js:87:13)
33 verbose stack     at Request.emit (events.js:172:7)
33 verbose stack     at Request.<anonymous> (C:\Program Files\nodejs\node_modules\npm\node_modules\request\request.js:1063:14)
33 verbose stack     at emitOne (events.js:82:20)
33 verbose stack     at Request.emit (events.js:169:7)
33 verbose stack     at IncomingMessage.<anonymous> (C:\Program Files\nodejs\node_modules\npm\node_modules\request\request.js:1009:12)
34 verbose statusCode 404
35 verbose pkgid ngloading
36 verbose cwd C:\Users\DXC2762\Documents\Personal\igotmmosaics
37 error Windows_NT 6.1.7601
38 error argv "C:\\Program Files\\nodejs\\node.exe" "C:\\Program Files\\nodejs\\node_modules\\npm\\bin\\npm-cli.js" "install" "ngloading"
39 error node v4.2.1
40 error npm  v2.14.7
41 error code E404
42 error 404 Registry returned 404 for GET on https://registry.npmjs.org/ngloading
42 error 404
42 error 404 'ngloading' is not in the npm registry.
42 error 404 You should bug the author to publish it (or use the name yourself!)
42 error 404
42 error 404 Note that you can also install from a
42 error 404 tarball, folder, http url, or git url.
43 verbose exit [ 1, true ]
